<?xml version="1.0" encoding="UTF-8"?>
<testng-results skipped="0" failed="0" ignored="0" total="1" passed="1">
  <reporter-output>
  </reporter-output>
  <suite name="Suite" duration-ms="7196" started-at="2019-04-15T10:15:30Z" finished-at="2019-04-15T10:15:37Z">
    <groups>
    </groups>
    <test name="Test" duration-ms="7196" started-at="2019-04-15T10:15:30Z" finished-at="2019-04-15T10:15:37Z">
      <class name="runner.Runner">
        <test-method status="PASS" signature="setUP()[pri:0, instance:runner.Runner@4667ae56]" name="setUP" is-config="true" duration-ms="207" started-at="2019-04-15T10:15:30Z" finished-at="2019-04-15T10:15:30Z">
          <reporter-output>
          </reporter-output>
        </test-method> <!-- setUP -->
        <test-method status="PASS" signature="HomeLoan(cucumber.api.testng.CucumberFeatureWrapper)[pri:0, instance:runner.Runner@4667ae56]" name="HomeLoan" duration-ms="6882" started-at="2019-04-15T10:15:30Z" data-provider="features" finished-at="2019-04-15T10:15:37Z">
          <params>
            <param index="0">
              <value>
                <![CDATA[Interaction between maven, cucmber and maven with jenkins and github]]>
              </value>
            </param>
          </params>
          <reporter-output>
          </reporter-output>
        </test-method> <!-- HomeLoan -->
        <test-method status="PASS" signature="tearDown()[pri:0, instance:runner.Runner@4667ae56]" name="tearDown" is-config="true" duration-ms="14" started-at="2019-04-15T10:15:37Z" finished-at="2019-04-15T10:15:37Z">
          <reporter-output>
          </reporter-output>
        </test-method> <!-- tearDown -->
      </class> <!-- runner.Runner -->
    </test> <!-- Test -->
  </suite> <!-- Suite -->
</testng-results>
